{"/home/runner/work/react-course-work/react-course-work/src/components/Button/Button.tsx": {"path":"/home/runner/work/react-course-work/react-course-work/src/components/Button/Button.tsx","statementMap":{"0":{"start":{"line":2,"column":0},"end":{"line":2,"column":42}},"1":{"start":{"line":3,"column":0},"end":{"line":3,"column":22}},"2":{"start":{"line":15,"column":26},"end":{"line":21,"column":1}},"3":{"start":{"line":16,"column":4},"end":{"line":20,"column":6}},"4":{"start":{"line":23,"column":0},"end":{"line":23,"column":22}}},"fnMap":{"0":{"name":"(anonymous_1)","decl":{"start":{"line":15,"column":26},"end":{"line":15,"column":27}},"loc":{"start":{"line":15,"column":86},"end":{"line":21,"column":1}}}},"branchMap":{"0":{"loc":{"start":{"line":17,"column":73},"end":{"line":17,"column":106}},"type":"binary-expr","locations":[{"start":{"line":17,"column":73},"end":{"line":17,"column":77}},{"start":{"line":17,"column":81},"end":{"line":17,"column":106}}]},"1":{"loc":{"start":{"line":17,"column":108},"end":{"line":17,"column":143}},"type":"binary-expr","locations":[{"start":{"line":17,"column":108},"end":{"line":17,"column":113}},{"start":{"line":17,"column":117},"end":{"line":17,"column":143}}]}},"s":{"0":1,"1":1,"2":1,"3":65,"4":1},"f":{"0":65},"b":{"0":[65,0],"1":[65,65]}}
,"/home/runner/work/react-course-work/react-course-work/src/components/Frame/Frame.tsx": {"path":"/home/runner/work/react-course-work/react-course-work/src/components/Frame/Frame.tsx","statementMap":{"0":{"start":{"line":1,"column":0},"end":{"line":1,"column":33}},"1":{"start":{"line":2,"column":0},"end":{"line":2,"column":41}},"2":{"start":{"line":3,"column":0},"end":{"line":3,"column":35}},"3":{"start":{"line":10,"column":14},"end":{"line":26,"column":2}},"4":{"start":{"line":11,"column":29},"end":{"line":11,"column":31}},"5":{"start":{"line":13,"column":4},"end":{"line":15,"column":null}},"6":{"start":{"line":13,"column":17},"end":{"line":13,"column":18}},"7":{"start":{"line":14,"column":8},"end":{"line":14,"column":27}},"8":{"start":{"line":17,"column":4},"end":{"line":25,"column":6}},"9":{"start":{"line":20,"column":16},"end":{"line":22,"column":18}},"10":{"start":{"line":27,"column":0},"end":{"line":27,"column":21}}},"fnMap":{"0":{"name":"(anonymous_1)","decl":{"start":{"line":10,"column":48},"end":{"line":10,"column":49}},"loc":{"start":{"line":10,"column":93},"end":{"line":26,"column":1}}},"1":{"name":"(anonymous_2)","decl":{"start":{"line":19,"column":24},"end":{"line":19,"column":25}},"loc":{"start":{"line":19,"column":45},"end":{"line":23,"column":13}}}},"branchMap":{"0":{"loc":{"start":{"line":21,"column":37},"end":{"line":21,"column":68}},"type":"binary-expr","locations":[{"start":{"line":21,"column":37},"end":{"line":21,"column":60}},{"start":{"line":21,"column":64},"end":{"line":21,"column":68}}]}},"s":{"0":1,"1":1,"2":1,"3":1,"4":13,"5":13,"6":13,"7":23400,"8":13,"9":23400,"10":1},"f":{"0":13,"1":23400},"b":{"0":[23400,0]}}
,"/home/runner/work/react-course-work/react-course-work/src/components/Game/Game.tsx": {"path":"/home/runner/work/react-course-work/react-course-work/src/components/Game/Game.tsx","statementMap":{"0":{"start":{"line":1,"column":0},"end":{"line":1,"column":61}},"1":{"start":{"line":2,"column":0},"end":{"line":2,"column":40}},"2":{"start":{"line":3,"column":0},"end":{"line":3,"column":35}},"3":{"start":{"line":4,"column":0},"end":{"line":4,"column":47}},"4":{"start":{"line":10,"column":24},"end":{"line":99,"column":1}},"5":{"start":{"line":11,"column":30},"end":{"line":11,"column":68}},"6":{"start":{"line":12,"column":30},"end":{"line":12,"column":68}},"7":{"start":{"line":13,"column":24},"end":{"line":13,"column":52}},"8":{"start":{"line":14,"column":25},"end":{"line":14,"column":55}},"9":{"start":{"line":15,"column":42},"end":{"line":15,"column":65}},"10":{"start":{"line":16,"column":30},"end":{"line":16,"column":54}},"11":{"start":{"line":17,"column":32},"end":{"line":17,"column":56}},"12":{"start":{"line":19,"column":21},"end":{"line":43,"column":5}},"13":{"start":{"line":20,"column":22},"end":{"line":20,"column":60}},"14":{"start":{"line":21,"column":22},"end":{"line":21,"column":51}},"15":{"start":{"line":22,"column":35},"end":{"line":22,"column":47}},"16":{"start":{"line":23,"column":25},"end":{"line":23,"column":42}},"17":{"start":{"line":24,"column":39},"end":{"line":24,"column":41}},"18":{"start":{"line":26,"column":8},"end":{"line":28,"column":11}},"19":{"start":{"line":27,"column":12},"end":{"line":27,"column":36}},"20":{"start":{"line":30,"column":26},"end":{"line":30,"column":35}},"21":{"start":{"line":31,"column":8},"end":{"line":40,"column":null}},"22":{"start":{"line":32,"column":27},"end":{"line":32,"column":65}},"23":{"start":{"line":33,"column":12},"end":{"line":33,"column":34}},"24":{"start":{"line":35,"column":12},"end":{"line":39,"column":15}},"25":{"start":{"line":36,"column":16},"end":{"line":38,"column":null}},"26":{"start":{"line":37,"column":20},"end":{"line":37,"column":42}},"27":{"start":{"line":42,"column":8},"end":{"line":42,"column":36}},"28":{"start":{"line":45,"column":20},"end":{"line":53,"column":5}},"29":{"start":{"line":46,"column":31},"end":{"line":46,"column":33}},"30":{"start":{"line":48,"column":8},"end":{"line":50,"column":11}},"31":{"start":{"line":49,"column":12},"end":{"line":49,"column":28}},"32":{"start":{"line":52,"column":8},"end":{"line":52,"column":28}},"33":{"start":{"line":55,"column":26},"end":{"line":68,"column":5}},"34":{"start":{"line":56,"column":23},"end":{"line":56,"column":35}},"35":{"start":{"line":57,"column":47},"end":{"line":57,"column":66}},"36":{"start":{"line":58,"column":48},"end":{"line":58,"column":68}},"37":{"start":{"line":59,"column":23},"end":{"line":59,"column":60}},"38":{"start":{"line":61,"column":26},"end":{"line":61,"column":40}},"39":{"start":{"line":63,"column":8},"end":{"line":63,"column":37}},"40":{"start":{"line":64,"column":8},"end":{"line":64,"column":38}},"41":{"start":{"line":66,"column":8},"end":{"line":66,"column":34}},"42":{"start":{"line":67,"column":8},"end":{"line":67,"column":34}},"43":{"start":{"line":70,"column":25},"end":{"line":72,"column":5}},"44":{"start":{"line":71,"column":8},"end":{"line":71,"column":27}},"45":{"start":{"line":74,"column":4},"end":{"line":76,"column":7}},"46":{"start":{"line":75,"column":8},"end":{"line":75,"column":62}},"47":{"start":{"line":78,"column":26},"end":{"line":81,"column":5}},"48":{"start":{"line":79,"column":8},"end":{"line":79,"column":25}},"49":{"start":{"line":80,"column":8},"end":{"line":80,"column":62}},"50":{"start":{"line":83,"column":4},"end":{"line":98,"column":6}},"51":{"start":{"line":101,"column":0},"end":{"line":101,"column":20}}},"fnMap":{"0":{"name":"(anonymous_1)","decl":{"start":{"line":10,"column":24},"end":{"line":10,"column":27}},"loc":{"start":{"line":10,"column":29},"end":{"line":99,"column":1}}},"1":{"name":"(anonymous_2)","decl":{"start":{"line":19,"column":21},"end":{"line":19,"column":24}},"loc":{"start":{"line":19,"column":26},"end":{"line":43,"column":5}}},"2":{"name":"(anonymous_3)","decl":{"start":{"line":26,"column":22},"end":{"line":26,"column":25}},"loc":{"start":{"line":26,"column":27},"end":{"line":28,"column":9}}},"3":{"name":"(anonymous_4)","decl":{"start":{"line":35,"column":26},"end":{"line":35,"column":27}},"loc":{"start":{"line":35,"column":43},"end":{"line":39,"column":13}}},"4":{"name":"(anonymous_5)","decl":{"start":{"line":45,"column":20},"end":{"line":45,"column":23}},"loc":{"start":{"line":45,"column":25},"end":{"line":53,"column":5}}},"5":{"name":"(anonymous_6)","decl":{"start":{"line":48,"column":28},"end":{"line":48,"column":31}},"loc":{"start":{"line":48,"column":33},"end":{"line":50,"column":9}}},"6":{"name":"(anonymous_7)","decl":{"start":{"line":55,"column":26},"end":{"line":55,"column":27}},"loc":{"start":{"line":55,"column":73},"end":{"line":68,"column":5}}},"7":{"name":"(anonymous_8)","decl":{"start":{"line":70,"column":25},"end":{"line":70,"column":28}},"loc":{"start":{"line":70,"column":30},"end":{"line":72,"column":5}}},"8":{"name":"(anonymous_9)","decl":{"start":{"line":74,"column":14},"end":{"line":74,"column":17}},"loc":{"start":{"line":74,"column":19},"end":{"line":76,"column":5}}},"9":{"name":"(anonymous_10)","decl":{"start":{"line":78,"column":26},"end":{"line":78,"column":29}},"loc":{"start":{"line":78,"column":31},"end":{"line":81,"column":5}}}},"branchMap":{"0":{"loc":{"start":{"line":36,"column":16},"end":{"line":38,"column":null}},"type":"if","locations":[{"start":{"line":36,"column":16},"end":{"line":38,"column":null}}]},"1":{"loc":{"start":{"line":75,"column":37},"end":{"line":75,"column":61}},"type":"cond-expr","locations":[{"start":{"line":75,"column":45},"end":{"line":75,"column":52}},{"start":{"line":75,"column":55},"end":{"line":75,"column":61}}]},"2":{"loc":{"start":{"line":80,"column":37},"end":{"line":80,"column":61}},"type":"cond-expr","locations":[{"start":{"line":80,"column":45},"end":{"line":80,"column":52}},{"start":{"line":80,"column":55},"end":{"line":80,"column":61}}]},"3":{"loc":{"start":{"line":84,"column":86},"end":{"line":84,"column":107}},"type":"cond-expr","locations":[{"start":{"line":84,"column":95},"end":{"line":84,"column":100}},{"start":{"line":84,"column":103},"end":{"line":84,"column":107}}]},"4":{"loc":{"start":{"line":91,"column":23},"end":{"line":91,"column":59}},"type":"cond-expr","locations":[{"start":{"line":91,"column":43},"end":{"line":91,"column":51}},{"start":{"line":91,"column":54},"end":{"line":91,"column":59}}]}},"s":{"0":1,"1":1,"2":1,"3":1,"4":1,"5":13,"6":13,"7":13,"8":13,"9":13,"10":13,"11":13,"12":13,"13":0,"14":0,"15":0,"16":0,"17":0,"18":0,"19":0,"20":0,"21":0,"22":0,"23":0,"24":0,"25":0,"26":0,"27":0,"28":13,"29":0,"30":0,"31":0,"32":0,"33":13,"34":9,"35":9,"36":9,"37":9,"38":9,"39":9,"40":9,"41":9,"42":9,"43":13,"44":1,"45":13,"46":13,"47":13,"48":1,"49":1,"50":13,"51":1},"f":{"0":13,"1":0,"2":0,"3":0,"4":0,"5":0,"6":9,"7":1,"8":13,"9":1},"b":{"0":[0],"1":[1,12],"2":[0,1],"3":[2,11],"4":[1,12]}}
,"/home/runner/work/react-course-work/react-course-work/src/components/Interface/Interface.tsx": {"path":"/home/runner/work/react-course-work/react-course-work/src/components/Interface/Interface.tsx","statementMap":{"0":{"start":{"line":2,"column":0},"end":{"line":2,"column":45}},"1":{"start":{"line":3,"column":0},"end":{"line":3,"column":38}},"2":{"start":{"line":4,"column":0},"end":{"line":4,"column":50}},"3":{"start":{"line":5,"column":0},"end":{"line":5,"column":53}},"4":{"start":{"line":6,"column":0},"end":{"line":6,"column":22}},"5":{"start":{"line":20,"column":33},"end":{"line":83,"column":1}},"6":{"start":{"line":21,"column":4},"end":{"line":82,"column":6}},"7":{"start":{"line":85,"column":0},"end":{"line":85,"column":29}}},"fnMap":{"0":{"name":"(anonymous_1)","decl":{"start":{"line":20,"column":33},"end":{"line":20,"column":34}},"loc":{"start":{"line":20,"column":141},"end":{"line":83,"column":1}}}},"branchMap":{"0":{"loc":{"start":{"line":50,"column":109},"end":{"line":50,"column":135}},"type":"cond-expr","locations":[{"start":{"line":50,"column":123},"end":{"line":50,"column":127}},{"start":{"line":50,"column":130},"end":{"line":50,"column":135}}]},"1":{"loc":{"start":{"line":53,"column":104},"end":{"line":53,"column":135}},"type":"cond-expr","locations":[{"start":{"line":53,"column":119},"end":{"line":53,"column":125}},{"start":{"line":53,"column":128},"end":{"line":53,"column":135}}]}},"s":{"0":1,"1":1,"2":1,"3":1,"4":1,"5":1,"6":13,"7":1},"f":{"0":13},"b":{"0":[2,11],"1":[1,12]}}
,"/home/runner/work/react-course-work/react-course-work/src/components/RadioButton/RadioButton.tsx": {"path":"/home/runner/work/react-course-work/react-course-work/src/components/RadioButton/RadioButton.tsx","statementMap":{"0":{"start":{"line":2,"column":0},"end":{"line":2,"column":47}},"1":{"start":{"line":3,"column":0},"end":{"line":3,"column":22}},"2":{"start":{"line":14,"column":31},"end":{"line":21,"column":1}},"3":{"start":{"line":15,"column":4},"end":{"line":20,"column":6}},"4":{"start":{"line":23,"column":0},"end":{"line":23,"column":27}}},"fnMap":{"0":{"name":"(anonymous_1)","decl":{"start":{"line":14,"column":31},"end":{"line":14,"column":32}},"loc":{"start":{"line":14,"column":78},"end":{"line":21,"column":1}}}},"branchMap":{},"s":{"0":1,"1":1,"2":1,"3":130,"4":1},"f":{"0":130},"b":{}}
,"/home/runner/work/react-course-work/react-course-work/src/components/RangeInput/RangeInput.tsx": {"path":"/home/runner/work/react-course-work/react-course-work/src/components/RangeInput/RangeInput.tsx","statementMap":{"0":{"start":{"line":2,"column":0},"end":{"line":2,"column":46}},"1":{"start":{"line":13,"column":30},"end":{"line":31,"column":1}},"2":{"start":{"line":14,"column":4},"end":{"line":30,"column":6}},"3":{"start":{"line":27,"column":16},"end":{"line":27,"column":38}},"4":{"start":{"line":33,"column":0},"end":{"line":33,"column":26}}},"fnMap":{"0":{"name":"(anonymous_1)","decl":{"start":{"line":13,"column":30},"end":{"line":13,"column":31}},"loc":{"start":{"line":13,"column":86},"end":{"line":31,"column":1}}},"1":{"name":"(anonymous_2)","decl":{"start":{"line":26,"column":22},"end":{"line":26,"column":25}},"loc":{"start":{"line":26,"column":27},"end":{"line":28,"column":13}}}},"branchMap":{},"s":{"0":1,"1":1,"2":13,"3":0,"4":1},"f":{"0":13,"1":0},"b":{}}
,"/home/runner/work/react-course-work/react-course-work/src/components/Shape/Shape.tsx": {"path":"/home/runner/work/react-course-work/react-course-work/src/components/Shape/Shape.tsx","statementMap":{"0":{"start":{"line":1,"column":0},"end":{"line":1,"column":54}},"1":{"start":{"line":2,"column":0},"end":{"line":2,"column":41}},"2":{"start":{"line":3,"column":0},"end":{"line":3,"column":22}},"3":{"start":{"line":10,"column":25},"end":{"line":25,"column":1}},"4":{"start":{"line":11,"column":32},"end":{"line":11,"column":56}},"5":{"start":{"line":12,"column":25},"end":{"line":12,"column":59}},"6":{"start":{"line":14,"column":4},"end":{"line":16,"column":19}},"7":{"start":{"line":15,"column":8},"end":{"line":15,"column":28}},"8":{"start":{"line":18,"column":20},"end":{"line":20,"column":5}},"9":{"start":{"line":19,"column":8},"end":{"line":19,"column":27}},"10":{"start":{"line":22,"column":4},"end":{"line":24,"column":6}},"11":{"start":{"line":27,"column":0},"end":{"line":27,"column":21}}},"fnMap":{"0":{"name":"(anonymous_1)","decl":{"start":{"line":10,"column":25},"end":{"line":10,"column":26}},"loc":{"start":{"line":10,"column":42},"end":{"line":25,"column":1}}},"1":{"name":"(anonymous_2)","decl":{"start":{"line":14,"column":14},"end":{"line":14,"column":17}},"loc":{"start":{"line":14,"column":19},"end":{"line":16,"column":5}}},"2":{"name":"(anonymous_3)","decl":{"start":{"line":18,"column":20},"end":{"line":18,"column":23}},"loc":{"start":{"line":18,"column":25},"end":{"line":20,"column":5}}}},"branchMap":{"0":{"loc":{"start":{"line":23,"column":63},"end":{"line":23,"column":92}},"type":"binary-expr","locations":[{"start":{"line":23,"column":63},"end":{"line":23,"column":69}},{"start":{"line":23,"column":73},"end":{"line":23,"column":92}}]}},"s":{"0":1,"1":1,"2":1,"3":1,"4":28800,"5":28800,"6":28800,"7":5400,"8":28800,"9":0,"10":28800,"11":1},"f":{"0":28800,"1":5400,"2":0},"b":{"0":[28800,0]}}
}
