{"/home/runner/work/react-course-work/react-course-work/src/components/container/Game/Game.tsx": {"path":"/home/runner/work/react-course-work/react-course-work/src/components/container/Game/Game.tsx","statementMap":{"0":{"start":{"line":1,"column":0},"end":{"line":1,"column":33}},"1":{"start":{"line":2,"column":0},"end":{"line":2,"column":40}},"2":{"start":{"line":3,"column":0},"end":{"line":3,"column":47}},"3":{"start":{"line":4,"column":0},"end":{"line":4,"column":53}},"4":{"start":{"line":5,"column":0},"end":{"line":5,"column":null}},"5":{"start":{"line":9,"column":0},"end":{"line":9,"column":45}},"6":{"start":{"line":10,"column":0},"end":{"line":10,"column":41}},"7":{"start":{"line":11,"column":0},"end":{"line":11,"column":67}},"8":{"start":{"line":12,"column":0},"end":{"line":12,"column":42}},"9":{"start":{"line":13,"column":0},"end":{"line":13,"column":56}},"10":{"start":{"line":19,"column":24},"end":{"line":52,"column":1}},"11":{"start":{"line":20,"column":28},"end":{"line":20,"column":79}},"12":{"start":{"line":20,"column":62},"end":{"line":20,"column":78}},"13":{"start":{"line":21,"column":58},"end":{"line":21,"column":108}},"14":{"start":{"line":21,"column":92},"end":{"line":21,"column":107}},"15":{"start":{"line":22,"column":21},"end":{"line":22,"column":34}},"16":{"start":{"line":23,"column":24},"end":{"line":23,"column":52}},"17":{"start":{"line":24,"column":25},"end":{"line":24,"column":55}},"18":{"start":{"line":26,"column":4},"end":{"line":26,"column":30}},"19":{"start":{"line":28,"column":21},"end":{"line":35,"column":5}},"20":{"start":{"line":29,"column":22},"end":{"line":29,"column":60}},"21":{"start":{"line":30,"column":22},"end":{"line":30,"column":54}},"22":{"start":{"line":31,"column":27},"end":{"line":31,"column":39}},"23":{"start":{"line":32,"column":25},"end":{"line":32,"column":42}},"24":{"start":{"line":34,"column":8},"end":{"line":34,"column":53}},"25":{"start":{"line":37,"column":4},"end":{"line":51,"column":6}},"26":{"start":{"line":54,"column":0},"end":{"line":54,"column":20}}},"fnMap":{"0":{"name":"(anonymous_1)","decl":{"start":{"line":19,"column":24},"end":{"line":19,"column":27}},"loc":{"start":{"line":19,"column":29},"end":{"line":52,"column":1}}},"1":{"name":"(anonymous_2)","decl":{"start":{"line":20,"column":40},"end":{"line":20,"column":41}},"loc":{"start":{"line":20,"column":62},"end":{"line":20,"column":78}}},"2":{"name":"(anonymous_3)","decl":{"start":{"line":21,"column":70},"end":{"line":21,"column":71}},"loc":{"start":{"line":21,"column":92},"end":{"line":21,"column":107}}},"3":{"name":"(anonymous_4)","decl":{"start":{"line":28,"column":21},"end":{"line":28,"column":24}},"loc":{"start":{"line":28,"column":26},"end":{"line":35,"column":5}}}},"branchMap":{"0":{"loc":{"start":{"line":38,"column":80},"end":{"line":38,"column":99}},"type":"cond-expr","locations":[{"start":{"line":38,"column":87},"end":{"line":38,"column":92}},{"start":{"line":38,"column":95},"end":{"line":38,"column":99}}]}},"s":{"0":1,"1":1,"2":1,"3":1,"4":1,"5":1,"6":1,"7":1,"8":1,"9":1,"10":1,"11":16,"12":32,"13":16,"14":32,"15":16,"16":16,"17":16,"18":16,"19":16,"20":0,"21":0,"22":0,"23":0,"24":0,"25":16,"26":1},"f":{"0":16,"1":32,"2":32,"3":0},"b":{"0":[14,2]}}
,"/home/runner/work/react-course-work/react-course-work/src/components/container/Interface/Interface.tsx": {"path":"/home/runner/work/react-course-work/react-course-work/src/components/container/Interface/Interface.tsx","statementMap":{"0":{"start":{"line":1,"column":0},"end":{"line":1,"column":50}},"1":{"start":{"line":2,"column":0},"end":{"line":2,"column":45}},"2":{"start":{"line":3,"column":0},"end":{"line":3,"column":22}},"3":{"start":{"line":4,"column":0},"end":{"line":4,"column":44}},"4":{"start":{"line":5,"column":0},"end":{"line":5,"column":56}},"5":{"start":{"line":6,"column":0},"end":{"line":6,"column":59}},"6":{"start":{"line":7,"column":0},"end":{"line":7,"column":null}},"7":{"start":{"line":14,"column":0},"end":{"line":14,"column":53}},"8":{"start":{"line":16,"column":0},"end":{"line":16,"column":54}},"9":{"start":{"line":23,"column":33},"end":{"line":167,"column":1}},"10":{"start":{"line":24,"column":70},"end":{"line":24,"column":120}},"11":{"start":{"line":24,"column":104},"end":{"line":24,"column":119}},"12":{"start":{"line":25,"column":38},"end":{"line":25,"column":59}},"13":{"start":{"line":26,"column":25},"end":{"line":26,"column":42}},"14":{"start":{"line":27,"column":21},"end":{"line":27,"column":34}},"15":{"start":{"line":29,"column":25},"end":{"line":31,"column":5}},"16":{"start":{"line":30,"column":8},"end":{"line":30,"column":35}},"17":{"start":{"line":33,"column":25},"end":{"line":41,"column":5}},"18":{"start":{"line":34,"column":23},"end":{"line":34,"column":56}},"19":{"start":{"line":35,"column":21},"end":{"line":35,"column":52}},"20":{"start":{"line":37,"column":8},"end":{"line":40,"column":12}},"21":{"start":{"line":43,"column":24},"end":{"line":46,"column":5}},"22":{"start":{"line":44,"column":8},"end":{"line":44,"column":42}},"23":{"start":{"line":45,"column":8},"end":{"line":45,"column":43}},"24":{"start":{"line":48,"column":24},"end":{"line":52,"column":5}},"25":{"start":{"line":49,"column":8},"end":{"line":49,"column":41}},"26":{"start":{"line":50,"column":8},"end":{"line":50,"column":31}},"27":{"start":{"line":51,"column":8},"end":{"line":51,"column":74}},"28":{"start":{"line":51,"column":48},"end":{"line":51,"column":61}},"29":{"start":{"line":54,"column":21},"end":{"line":60,"column":5}},"30":{"start":{"line":55,"column":8},"end":{"line":59,"column":null}},"31":{"start":{"line":56,"column":12},"end":{"line":56,"column":26}},"32":{"start":{"line":58,"column":12},"end":{"line":58,"column":26}},"33":{"start":{"line":62,"column":20},"end":{"line":66,"column":5}},"34":{"start":{"line":63,"column":8},"end":{"line":63,"column":30}},"35":{"start":{"line":64,"column":8},"end":{"line":64,"column":22}},"36":{"start":{"line":65,"column":8},"end":{"line":65,"column":32}},"37":{"start":{"line":68,"column":26},"end":{"line":77,"column":5}},"38":{"start":{"line":69,"column":22},"end":{"line":69,"column":41}},"39":{"start":{"line":71,"column":8},"end":{"line":71,"column":35}},"40":{"start":{"line":72,"column":8},"end":{"line":72,"column":43}},"41":{"start":{"line":74,"column":8},"end":{"line":76,"column":null}},"42":{"start":{"line":75,"column":12},"end":{"line":75,"column":78}},"43":{"start":{"line":75,"column":52},"end":{"line":75,"column":65}},"44":{"start":{"line":79,"column":26},"end":{"line":81,"column":5}},"45":{"start":{"line":80,"column":8},"end":{"line":80,"column":42}},"46":{"start":{"line":83,"column":26},"end":{"line":85,"column":5}},"47":{"start":{"line":84,"column":8},"end":{"line":84,"column":61}},"48":{"start":{"line":87,"column":4},"end":{"line":166,"column":6}},"49":{"start":{"line":169,"column":0},"end":{"line":169,"column":29}}},"fnMap":{"0":{"name":"(anonymous_1)","decl":{"start":{"line":23,"column":33},"end":{"line":23,"column":34}},"loc":{"start":{"line":23,"column":61},"end":{"line":167,"column":1}}},"1":{"name":"(anonymous_2)","decl":{"start":{"line":24,"column":82},"end":{"line":24,"column":83}},"loc":{"start":{"line":24,"column":104},"end":{"line":24,"column":119}}},"2":{"name":"(anonymous_3)","decl":{"start":{"line":29,"column":25},"end":{"line":29,"column":34}},"loc":{"start":{"line":29,"column":36},"end":{"line":31,"column":5}}},"3":{"name":"(anonymous_4)","decl":{"start":{"line":33,"column":25},"end":{"line":33,"column":26}},"loc":{"start":{"line":33,"column":46},"end":{"line":41,"column":5}}},"4":{"name":"(anonymous_5)","decl":{"start":{"line":43,"column":24},"end":{"line":43,"column":33}},"loc":{"start":{"line":43,"column":35},"end":{"line":46,"column":5}}},"5":{"name":"(anonymous_6)","decl":{"start":{"line":48,"column":24},"end":{"line":48,"column":33}},"loc":{"start":{"line":48,"column":35},"end":{"line":52,"column":5}}},"6":{"name":"(anonymous_7)","decl":{"start":{"line":51,"column":42},"end":{"line":51,"column":45}},"loc":{"start":{"line":51,"column":48},"end":{"line":51,"column":61}}},"7":{"name":"(anonymous_8)","decl":{"start":{"line":54,"column":21},"end":{"line":54,"column":30}},"loc":{"start":{"line":54,"column":32},"end":{"line":60,"column":5}}},"8":{"name":"(anonymous_9)","decl":{"start":{"line":62,"column":20},"end":{"line":62,"column":29}},"loc":{"start":{"line":62,"column":31},"end":{"line":66,"column":5}}},"9":{"name":"(anonymous_10)","decl":{"start":{"line":68,"column":26},"end":{"line":68,"column":27}},"loc":{"start":{"line":68,"column":79},"end":{"line":77,"column":5}}},"10":{"name":"(anonymous_11)","decl":{"start":{"line":75,"column":46},"end":{"line":75,"column":49}},"loc":{"start":{"line":75,"column":52},"end":{"line":75,"column":65}}},"11":{"name":"(anonymous_12)","decl":{"start":{"line":79,"column":26},"end":{"line":79,"column":35}},"loc":{"start":{"line":79,"column":37},"end":{"line":81,"column":5}}},"12":{"name":"(anonymous_13)","decl":{"start":{"line":83,"column":26},"end":{"line":83,"column":35}},"loc":{"start":{"line":83,"column":37},"end":{"line":85,"column":5}}}},"branchMap":{"0":{"loc":{"start":{"line":55,"column":8},"end":{"line":59,"column":null}},"type":"if","locations":[{"start":{"line":55,"column":8},"end":{"line":59,"column":null}},{"start":{"line":57,"column":15},"end":{"line":59,"column":null}}]},"1":{"loc":{"start":{"line":74,"column":8},"end":{"line":76,"column":null}},"type":"if","locations":[{"start":{"line":74,"column":8},"end":{"line":76,"column":null}}]},"2":{"loc":{"start":{"line":107,"column":123},"end":{"line":107,"column":145}},"type":"binary-expr","locations":[{"start":{"line":107,"column":123},"end":{"line":107,"column":129}},{"start":{"line":107,"column":133},"end":{"line":107,"column":145}}]},"3":{"loc":{"start":{"line":107,"column":148},"end":{"line":107,"column":174}},"type":"cond-expr","locations":[{"start":{"line":107,"column":157},"end":{"line":107,"column":163}},{"start":{"line":107,"column":166},"end":{"line":107,"column":174}}]},"4":{"loc":{"start":{"line":110,"column":114},"end":{"line":110,"column":136}},"type":"binary-expr","locations":[{"start":{"line":110,"column":114},"end":{"line":110,"column":120}},{"start":{"line":110,"column":124},"end":{"line":110,"column":136}}]},"5":{"loc":{"start":{"line":129,"column":109},"end":{"line":129,"column":128}},"type":"cond-expr","locations":[{"start":{"line":129,"column":116},"end":{"line":129,"column":120}},{"start":{"line":129,"column":123},"end":{"line":129,"column":128}}]},"6":{"loc":{"start":{"line":132,"column":104},"end":{"line":132,"column":128}},"type":"cond-expr","locations":[{"start":{"line":132,"column":112},"end":{"line":132,"column":118}},{"start":{"line":132,"column":121},"end":{"line":132,"column":128}}]}},"s":{"0":1,"1":1,"2":1,"3":1,"4":1,"5":1,"6":1,"7":1,"8":1,"9":1,"10":16,"11":32,"12":16,"13":16,"14":16,"15":16,"16":1,"17":16,"18":0,"19":0,"20":0,"21":16,"22":0,"23":0,"24":16,"25":0,"26":0,"27":0,"28":0,"29":16,"30":0,"31":0,"32":0,"33":16,"34":0,"35":0,"36":0,"37":16,"38":0,"39":0,"40":0,"41":0,"42":0,"43":0,"44":16,"45":1,"46":16,"47":0,"48":16,"49":1},"f":{"0":16,"1":32,"2":1,"3":0,"4":0,"5":0,"6":0,"7":0,"8":0,"9":0,"10":0,"11":1,"12":0},"b":{"0":[0,0],"1":[0],"2":[16,16],"3":[0,16],"4":[16,16],"5":[14,2],"6":[13,3]}}
,"/home/runner/work/react-course-work/react-course-work/src/components/layout/Frame/Frame.tsx": {"path":"/home/runner/work/react-course-work/react-course-work/src/components/layout/Frame/Frame.tsx","statementMap":{"0":{"start":{"line":1,"column":0},"end":{"line":1,"column":33}},"1":{"start":{"line":2,"column":0},"end":{"line":2,"column":41}},"2":{"start":{"line":3,"column":0},"end":{"line":3,"column":41}},"3":{"start":{"line":9,"column":14},"end":{"line":25,"column":2}},"4":{"start":{"line":10,"column":4},"end":{"line":24,"column":6}},"5":{"start":{"line":13,"column":16},"end":{"line":21,"column":18}},"6":{"start":{"line":16,"column":28},"end":{"line":18,"column":30}},"7":{"start":{"line":26,"column":0},"end":{"line":26,"column":21}}},"fnMap":{"0":{"name":"(anonymous_1)","decl":{"start":{"line":9,"column":48},"end":{"line":9,"column":49}},"loc":{"start":{"line":9,"column":80},"end":{"line":25,"column":1}}},"1":{"name":"(anonymous_2)","decl":{"start":{"line":12,"column":28},"end":{"line":12,"column":29}},"loc":{"start":{"line":12,"column":50},"end":{"line":22,"column":13}}},"2":{"name":"(anonymous_3)","decl":{"start":{"line":15,"column":36},"end":{"line":15,"column":37}},"loc":{"start":{"line":15,"column":54},"end":{"line":19,"column":25}}}},"branchMap":{},"s":{"0":1,"1":1,"2":1,"3":1,"4":16,"5":450,"6":27000,"7":1},"f":{"0":16,"1":450,"2":27000},"b":{}}
,"/home/runner/work/react-course-work/react-course-work/src/components/layout/Help/Help.tsx": {"path":"/home/runner/work/react-course-work/react-course-work/src/components/layout/Help/Help.tsx","statementMap":{"0":{"start":{"line":1,"column":0},"end":{"line":1,"column":40}},"1":{"start":{"line":3,"column":13},"end":{"line":24,"column":1}},"2":{"start":{"line":4,"column":4},"end":{"line":23,"column":6}},"3":{"start":{"line":26,"column":0},"end":{"line":26,"column":20}}},"fnMap":{"0":{"name":"(anonymous_1)","decl":{"start":{"line":3,"column":13},"end":{"line":3,"column":16}},"loc":{"start":{"line":3,"column":18},"end":{"line":24,"column":1}}}},"branchMap":{},"s":{"0":1,"1":1,"2":16,"3":1},"f":{"0":16},"b":{}}
,"/home/runner/work/react-course-work/react-course-work/src/components/ui/Button/Button.tsx": {"path":"/home/runner/work/react-course-work/react-course-work/src/components/ui/Button/Button.tsx","statementMap":{"0":{"start":{"line":2,"column":0},"end":{"line":2,"column":42}},"1":{"start":{"line":3,"column":0},"end":{"line":3,"column":22}},"2":{"start":{"line":5,"column":0},"end":{"line":5,"column":38}},"3":{"start":{"line":7,"column":32},"end":{"line":30,"column":1}},"4":{"start":{"line":8,"column":26},"end":{"line":8,"column":130}},"5":{"start":{"line":9,"column":19},"end":{"line":25,"column":5}},"6":{"start":{"line":10,"column":8},"end":{"line":18,"column":null}},"7":{"start":{"line":11,"column":25},"end":{"line":11,"column":45}},"8":{"start":{"line":13,"column":12},"end":{"line":17,"column":14}},"9":{"start":{"line":20,"column":8},"end":{"line":24,"column":10}},"10":{"start":{"line":27,"column":4},"end":{"line":29,"column":6}},"11":{"start":{"line":32,"column":0},"end":{"line":32,"column":22}}},"fnMap":{"0":{"name":"(anonymous_1)","decl":{"start":{"line":7,"column":32},"end":{"line":7,"column":33}},"loc":{"start":{"line":7,"column":99},"end":{"line":30,"column":1}}},"1":{"name":"(anonymous_2)","decl":{"start":{"line":9,"column":19},"end":{"line":9,"column":22}},"loc":{"start":{"line":9,"column":24},"end":{"line":25,"column":5}}}},"branchMap":{"0":{"loc":{"start":{"line":8,"column":47},"end":{"line":8,"column":80}},"type":"binary-expr","locations":[{"start":{"line":8,"column":47},"end":{"line":8,"column":51}},{"start":{"line":8,"column":55},"end":{"line":8,"column":80}}]},"1":{"loc":{"start":{"line":8,"column":82},"end":{"line":8,"column":117}},"type":"binary-expr","locations":[{"start":{"line":8,"column":82},"end":{"line":8,"column":87}},{"start":{"line":8,"column":91},"end":{"line":8,"column":117}}]},"2":{"loc":{"start":{"line":10,"column":8},"end":{"line":18,"column":null}},"type":"if","locations":[{"start":{"line":10,"column":8},"end":{"line":18,"column":null}}]},"3":{"loc":{"start":{"line":21,"column":152},"end":{"line":21,"column":164}},"type":"binary-expr","locations":[{"start":{"line":21,"column":152},"end":{"line":21,"column":156}},{"start":{"line":21,"column":160},"end":{"line":21,"column":164}}]}},"s":{"0":1,"1":1,"2":1,"3":1,"4":160,"5":160,"6":160,"7":0,"8":0,"9":160,"10":160,"11":1},"f":{"0":160,"1":160},"b":{"0":[160,0],"1":[160,160],"2":[0],"3":[160,48]}}
,"/home/runner/work/react-course-work/react-course-work/src/components/ui/Modal/Modal.tsx": {"path":"/home/runner/work/react-course-work/react-course-work/src/components/ui/Modal/Modal.tsx","statementMap":{"0":{"start":{"line":3,"column":0},"end":{"line":3,"column":41}},"1":{"start":{"line":4,"column":0},"end":{"line":4,"column":22}},"2":{"start":{"line":5,"column":0},"end":{"line":5,"column":40}},"3":{"start":{"line":7,"column":0},"end":{"line":7,"column":54}},"4":{"start":{"line":8,"column":0},"end":{"line":8,"column":57}},"5":{"start":{"line":19,"column":25},"end":{"line":47,"column":1}},"6":{"start":{"line":20,"column":31},"end":{"line":20,"column":82}},"7":{"start":{"line":20,"column":65},"end":{"line":20,"column":81}},"8":{"start":{"line":22,"column":25},"end":{"line":22,"column":64}},"9":{"start":{"line":24,"column":4},"end":{"line":46,"column":6}},"10":{"start":{"line":49,"column":0},"end":{"line":49,"column":21}}},"fnMap":{"0":{"name":"(anonymous_1)","decl":{"start":{"line":19,"column":25},"end":{"line":19,"column":26}},"loc":{"start":{"line":19,"column":75},"end":{"line":47,"column":1}}},"1":{"name":"(anonymous_2)","decl":{"start":{"line":20,"column":43},"end":{"line":20,"column":44}},"loc":{"start":{"line":20,"column":65},"end":{"line":20,"column":81}}}},"branchMap":{"0":{"loc":{"start":{"line":25,"column":44},"end":{"line":25,"column":73}},"type":"binary-expr","locations":[{"start":{"line":25,"column":44},"end":{"line":25,"column":50}},{"start":{"line":25,"column":54},"end":{"line":25,"column":73}}]},"1":{"loc":{"start":{"line":25,"column":75},"end":{"line":25,"column":113}},"type":"binary-expr","locations":[{"start":{"line":25,"column":75},"end":{"line":25,"column":89}},{"start":{"line":25,"column":93},"end":{"line":25,"column":113}}]},"2":{"loc":{"start":{"line":35,"column":25},"end":{"line":39,"column":null}},"type":"binary-expr","locations":[{"start":{"line":35,"column":25},"end":{"line":35,"column":31}},{"start":{"line":36,"column":28},"end":{"line":39,"column":null}}]}},"s":{"0":1,"1":1,"2":1,"3":1,"4":1,"5":1,"6":16,"7":32,"8":16,"9":16,"10":1},"f":{"0":16,"1":32},"b":{"0":[16,0],"1":[16,0],"2":[16,16]}}
,"/home/runner/work/react-course-work/react-course-work/src/components/ui/Modal/ModalDismissButton.tsx": {"path":"/home/runner/work/react-course-work/react-course-work/src/components/ui/Modal/ModalDismissButton.tsx","statementMap":{"0":{"start":{"line":2,"column":0},"end":{"line":2,"column":54}},"1":{"start":{"line":3,"column":0},"end":{"line":3,"column":57}},"2":{"start":{"line":5,"column":0},"end":{"line":5,"column":38}},"3":{"start":{"line":7,"column":44},"end":{"line":15,"column":1}},"4":{"start":{"line":8,"column":25},"end":{"line":8,"column":64}},"5":{"start":{"line":10,"column":4},"end":{"line":14,"column":6}},"6":{"start":{"line":17,"column":0},"end":{"line":17,"column":34}}},"fnMap":{"0":{"name":"(anonymous_1)","decl":{"start":{"line":7,"column":44},"end":{"line":7,"column":45}},"loc":{"start":{"line":7,"column":71},"end":{"line":15,"column":1}}}},"branchMap":{},"s":{"0":1,"1":1,"2":1,"3":1,"4":16,"5":16,"6":1},"f":{"0":16},"b":{}}
,"/home/runner/work/react-course-work/react-course-work/src/components/ui/RadioButton/RadioButton.tsx": {"path":"/home/runner/work/react-course-work/react-course-work/src/components/ui/RadioButton/RadioButton.tsx","statementMap":{"0":{"start":{"line":1,"column":0},"end":{"line":1,"column":40}},"1":{"start":{"line":2,"column":0},"end":{"line":2,"column":47}},"2":{"start":{"line":3,"column":0},"end":{"line":3,"column":22}},"3":{"start":{"line":4,"column":0},"end":{"line":4,"column":40}},"4":{"start":{"line":5,"column":0},"end":{"line":5,"column":57}},"5":{"start":{"line":18,"column":31},"end":{"line":43,"column":1}},"6":{"start":{"line":19,"column":21},"end":{"line":19,"column":34}},"7":{"start":{"line":20,"column":25},"end":{"line":20,"column":55}},"8":{"start":{"line":22,"column":26},"end":{"line":35,"column":5}},"9":{"start":{"line":23,"column":23},"end":{"line":23,"column":43}},"10":{"start":{"line":24,"column":27},"end":{"line":24,"column":47}},"11":{"start":{"line":25,"column":28},"end":{"line":25,"column":49}},"12":{"start":{"line":26,"column":26},"end":{"line":26,"column":47}},"13":{"start":{"line":28,"column":8},"end":{"line":28,"column":37}},"14":{"start":{"line":29,"column":8},"end":{"line":29,"column":38}},"15":{"start":{"line":31,"column":8},"end":{"line":34,"column":12}},"16":{"start":{"line":37,"column":4},"end":{"line":42,"column":6}},"17":{"start":{"line":45,"column":0},"end":{"line":45,"column":27}}},"fnMap":{"0":{"name":"(anonymous_1)","decl":{"start":{"line":18,"column":31},"end":{"line":18,"column":32}},"loc":{"start":{"line":18,"column":77},"end":{"line":43,"column":1}}},"1":{"name":"(anonymous_2)","decl":{"start":{"line":22,"column":26},"end":{"line":22,"column":29}},"loc":{"start":{"line":22,"column":31},"end":{"line":35,"column":5}}}},"branchMap":{},"s":{"0":1,"1":1,"2":1,"3":1,"4":1,"5":1,"6":160,"7":160,"8":160,"9":9,"10":9,"11":9,"12":9,"13":9,"14":9,"15":9,"16":160,"17":1},"f":{"0":160,"1":9},"b":{}}
,"/home/runner/work/react-course-work/react-course-work/src/components/ui/RangeInput/RangeInput.tsx": {"path":"/home/runner/work/react-course-work/react-course-work/src/components/ui/RangeInput/RangeInput.tsx","statementMap":{"0":{"start":{"line":2,"column":0},"end":{"line":2,"column":46}},"1":{"start":{"line":16,"column":30},"end":{"line":32,"column":1}},"2":{"start":{"line":17,"column":4},"end":{"line":31,"column":6}},"3":{"start":{"line":34,"column":0},"end":{"line":34,"column":26}}},"fnMap":{"0":{"name":"(anonymous_1)","decl":{"start":{"line":16,"column":30},"end":{"line":16,"column":31}},"loc":{"start":{"line":16,"column":47},"end":{"line":32,"column":1}}}},"branchMap":{},"s":{"0":1,"1":1,"2":16,"3":1},"f":{"0":16},"b":{}}
,"/home/runner/work/react-course-work/react-course-work/src/components/ui/Shape/Shape.tsx": {"path":"/home/runner/work/react-course-work/react-course-work/src/components/ui/Shape/Shape.tsx","statementMap":{"0":{"start":{"line":1,"column":0},"end":{"line":1,"column":33}},"1":{"start":{"line":2,"column":0},"end":{"line":2,"column":41}},"2":{"start":{"line":3,"column":0},"end":{"line":3,"column":22}},"3":{"start":{"line":4,"column":0},"end":{"line":4,"column":57}},"4":{"start":{"line":5,"column":0},"end":{"line":5,"column":40}},"5":{"start":{"line":12,"column":25},"end":{"line":28,"column":1}},"6":{"start":{"line":13,"column":21},"end":{"line":13,"column":34}},"7":{"start":{"line":14,"column":25},"end":{"line":14,"column":53}},"8":{"start":{"line":16,"column":26},"end":{"line":23,"column":5}},"9":{"start":{"line":17,"column":19},"end":{"line":17,"column":57}},"10":{"start":{"line":18,"column":23},"end":{"line":18,"column":40}},"11":{"start":{"line":19,"column":20},"end":{"line":19,"column":30}},"12":{"start":{"line":20,"column":20},"end":{"line":20,"column":30}},"13":{"start":{"line":22,"column":8},"end":{"line":22,"column":46}},"14":{"start":{"line":25,"column":4},"end":{"line":27,"column":6}},"15":{"start":{"line":30,"column":0},"end":{"line":30,"column":21}}},"fnMap":{"0":{"name":"(anonymous_1)","decl":{"start":{"line":12,"column":25},"end":{"line":12,"column":26}},"loc":{"start":{"line":12,"column":46},"end":{"line":28,"column":1}}},"1":{"name":"(anonymous_2)","decl":{"start":{"line":16,"column":26},"end":{"line":16,"column":35}},"loc":{"start":{"line":16,"column":37},"end":{"line":23,"column":5}}}},"branchMap":{"0":{"loc":{"start":{"line":26,"column":71},"end":{"line":26,"column":102}},"type":"binary-expr","locations":[{"start":{"line":26,"column":71},"end":{"line":26,"column":79}},{"start":{"line":26,"column":83},"end":{"line":26,"column":102}}]}},"s":{"0":1,"1":1,"2":1,"3":1,"4":1,"5":1,"6":27000,"7":27000,"8":27000,"9":0,"10":0,"11":0,"12":0,"13":0,"14":27000,"15":1},"f":{"0":27000,"1":0},"b":{"0":[27000,0]}}
,"/home/runner/work/react-course-work/react-course-work/src/hooks/useCloseModal.tsx": {"path":"/home/runner/work/react-course-work/react-course-work/src/hooks/useCloseModal.tsx","statementMap":{"0":{"start":{"line":1,"column":0},"end":{"line":1,"column":40}},"1":{"start":{"line":2,"column":0},"end":{"line":2,"column":34}},"2":{"start":{"line":4,"column":22},"end":{"line":14,"column":1}},"3":{"start":{"line":5,"column":21},"end":{"line":5,"column":34}},"4":{"start":{"line":7,"column":4},"end":{"line":13,"column":36}},"5":{"start":{"line":8,"column":8},"end":{"line":8,"column":56}},"6":{"start":{"line":10,"column":8},"end":{"line":12,"column":16}},"7":{"start":{"line":11,"column":12},"end":{"line":11,"column":64}},"8":{"start":{"line":16,"column":0},"end":{"line":16,"column":29}}},"fnMap":{"0":{"name":"(anonymous_0)","decl":{"start":{"line":4,"column":22},"end":{"line":4,"column":23}},"loc":{"start":{"line":4,"column":52},"end":{"line":14,"column":1}}},"1":{"name":"(anonymous_1)","decl":{"start":{"line":7,"column":23},"end":{"line":7,"column":26}},"loc":{"start":{"line":7,"column":28},"end":{"line":13,"column":5}}},"2":{"name":"(anonymous_2)","decl":{"start":{"line":10,"column":19},"end":{"line":10,"column":22}},"loc":{"start":{"line":10,"column":24},"end":{"line":12,"column":9}}}},"branchMap":{},"s":{"0":1,"1":1,"2":1,"3":32,"4":32,"5":0,"6":0,"7":0,"8":1},"f":{"0":32,"1":0,"2":0},"b":{}}
,"/home/runner/work/react-course-work/react-course-work/src/hooks/useGameTheme.tsx": {"path":"/home/runner/work/react-course-work/react-course-work/src/hooks/useGameTheme.tsx","statementMap":{"0":{"start":{"line":1,"column":0},"end":{"line":1,"column":47}},"1":{"start":{"line":2,"column":0},"end":{"line":2,"column":53}},"2":{"start":{"line":4,"column":0},"end":{"line":4,"column":32}},"3":{"start":{"line":6,"column":22},"end":{"line":16,"column":1}},"4":{"start":{"line":7,"column":28},"end":{"line":7,"column":78}},"5":{"start":{"line":7,"column":62},"end":{"line":7,"column":77}},"6":{"start":{"line":8,"column":21},"end":{"line":8,"column":34}},"7":{"start":{"line":10,"column":4},"end":{"line":15,"column":21}},"8":{"start":{"line":11,"column":8},"end":{"line":14,"column":null}},"9":{"start":{"line":12,"column":12},"end":{"line":12,"column":66}},"10":{"start":{"line":13,"column":12},"end":{"line":13,"column":36}},"11":{"start":{"line":18,"column":0},"end":{"line":18,"column":29}}},"fnMap":{"0":{"name":"(anonymous_0)","decl":{"start":{"line":6,"column":22},"end":{"line":6,"column":23}},"loc":{"start":{"line":6,"column":44},"end":{"line":16,"column":1}}},"1":{"name":"(anonymous_1)","decl":{"start":{"line":7,"column":40},"end":{"line":7,"column":41}},"loc":{"start":{"line":7,"column":62},"end":{"line":7,"column":77}}},"2":{"name":"(anonymous_2)","decl":{"start":{"line":10,"column":14},"end":{"line":10,"column":17}},"loc":{"start":{"line":10,"column":19},"end":{"line":15,"column":5}}}},"branchMap":{"0":{"loc":{"start":{"line":11,"column":8},"end":{"line":14,"column":null}},"type":"if","locations":[{"start":{"line":11,"column":8},"end":{"line":14,"column":null}}]},"1":{"loc":{"start":{"line":12,"column":41},"end":{"line":12,"column":65}},"type":"cond-expr","locations":[{"start":{"line":12,"column":49},"end":{"line":12,"column":56}},{"start":{"line":12,"column":59},"end":{"line":12,"column":65}}]}},"s":{"0":1,"1":1,"2":1,"3":1,"4":16,"5":32,"6":16,"7":16,"8":3,"9":3,"10":3,"11":1},"f":{"0":16,"1":32,"2":3},"b":{"0":[3],"1":[2,1]}}
,"/home/runner/work/react-course-work/react-course-work/src/redux/gameSlice.tsx": {"path":"/home/runner/work/react-course-work/react-course-work/src/redux/gameSlice.tsx","statementMap":{"0":{"start":{"line":1,"column":0},"end":{"line":1,"column":45}},"1":{"start":{"line":16,"column":25},"end":{"line":72,"column":1}},"2":{"start":{"line":17,"column":17},"end":{"line":17,"column":18}},"3":{"start":{"line":18,"column":17},"end":{"line":18,"column":28}},"4":{"start":{"line":19,"column":17},"end":{"line":19,"column":28}},"5":{"start":{"line":20,"column":17},"end":{"line":20,"column":21}},"6":{"start":{"line":21,"column":17},"end":{"line":21,"column":21}},"7":{"start":{"line":23,"column":4},"end":{"line":27,"column":null}},"8":{"start":{"line":24,"column":8},"end":{"line":26,"column":null}},"9":{"start":{"line":25,"column":12},"end":{"line":25,"column":21}},"10":{"start":{"line":29,"column":4},"end":{"line":33,"column":null}},"11":{"start":{"line":30,"column":8},"end":{"line":32,"column":null}},"12":{"start":{"line":31,"column":12},"end":{"line":31,"column":21}},"13":{"start":{"line":35,"column":4},"end":{"line":39,"column":null}},"14":{"start":{"line":36,"column":8},"end":{"line":38,"column":null}},"15":{"start":{"line":37,"column":12},"end":{"line":37,"column":21}},"16":{"start":{"line":41,"column":4},"end":{"line":45,"column":null}},"17":{"start":{"line":42,"column":8},"end":{"line":44,"column":null}},"18":{"start":{"line":43,"column":12},"end":{"line":43,"column":21}},"19":{"start":{"line":47,"column":4},"end":{"line":51,"column":null}},"20":{"start":{"line":48,"column":8},"end":{"line":50,"column":null}},"21":{"start":{"line":49,"column":12},"end":{"line":49,"column":21}},"22":{"start":{"line":53,"column":4},"end":{"line":57,"column":null}},"23":{"start":{"line":54,"column":8},"end":{"line":56,"column":null}},"24":{"start":{"line":55,"column":12},"end":{"line":55,"column":21}},"25":{"start":{"line":59,"column":4},"end":{"line":63,"column":null}},"26":{"start":{"line":60,"column":8},"end":{"line":62,"column":null}},"27":{"start":{"line":61,"column":12},"end":{"line":61,"column":21}},"28":{"start":{"line":65,"column":4},"end":{"line":69,"column":null}},"29":{"start":{"line":66,"column":8},"end":{"line":68,"column":null}},"30":{"start":{"line":67,"column":12},"end":{"line":67,"column":21}},"31":{"start":{"line":71,"column":4},"end":{"line":71,"column":18}},"32":{"start":{"line":74,"column":36},"end":{"line":96,"column":1}},"33":{"start":{"line":75,"column":4},"end":{"line":93,"column":null}},"34":{"start":{"line":76,"column":8},"end":{"line":92,"column":null}},"35":{"start":{"line":77,"column":30},"end":{"line":77,"column":91}},"36":{"start":{"line":79,"column":12},"end":{"line":91,"column":null}},"37":{"start":{"line":80,"column":16},"end":{"line":86,"column":null}},"38":{"start":{"line":81,"column":20},"end":{"line":81,"column":50}},"39":{"start":{"line":82,"column":23},"end":{"line":86,"column":null}},"40":{"start":{"line":83,"column":20},"end":{"line":83,"column":50}},"41":{"start":{"line":84,"column":23},"end":{"line":86,"column":null}},"42":{"start":{"line":85,"column":20},"end":{"line":85,"column":50}},"43":{"start":{"line":87,"column":19},"end":{"line":91,"column":null}},"44":{"start":{"line":88,"column":16},"end":{"line":90,"column":null}},"45":{"start":{"line":89,"column":20},"end":{"line":89,"column":50}},"46":{"start":{"line":95,"column":4},"end":{"line":95,"column":43}},"47":{"start":{"line":97,"column":32},"end":{"line":104,"column":1}},"48":{"start":{"line":98,"column":4},"end":{"line":103,"column":null}},"49":{"start":{"line":99,"column":8},"end":{"line":102,"column":null}},"50":{"start":{"line":100,"column":12},"end":{"line":100,"column":68}},"51":{"start":{"line":101,"column":12},"end":{"line":101,"column":42}},"52":{"start":{"line":106,"column":37},"end":{"line":117,"column":2}},"53":{"start":{"line":119,"column":18},"end":{"line":226,"column":2}},"54":{"start":{"line":124,"column":26},"end":{"line":124,"column":61}},"55":{"start":{"line":125,"column":31},"end":{"line":125,"column":49}},"56":{"start":{"line":126,"column":29},"end":{"line":126,"column":46}},"57":{"start":{"line":127,"column":30},"end":{"line":127,"column":39}},"58":{"start":{"line":128,"column":25},"end":{"line":128,"column":42}},"59":{"start":{"line":129,"column":25},"end":{"line":129,"column":42}},"60":{"start":{"line":131,"column":12},"end":{"line":139,"column":null}},"61":{"start":{"line":131,"column":25},"end":{"line":131,"column":26}},"62":{"start":{"line":132,"column":16},"end":{"line":132,"column":46}},"63":{"start":{"line":133,"column":16},"end":{"line":133,"column":44}},"64":{"start":{"line":135,"column":16},"end":{"line":138,"column":null}},"65":{"start":{"line":135,"column":29},"end":{"line":135,"column":30}},"66":{"start":{"line":136,"column":20},"end":{"line":136,"column":48}},"67":{"start":{"line":137,"column":20},"end":{"line":137,"column":46}},"68":{"start":{"line":141,"column":12},"end":{"line":141,"column":55}},"69":{"start":{"line":142,"column":12},"end":{"line":142,"column":51}},"70":{"start":{"line":144,"column":12},"end":{"line":157,"column":null}},"71":{"start":{"line":145,"column":31},"end":{"line":145,"column":69}},"72":{"start":{"line":146,"column":16},"end":{"line":146,"column":38}},"73":{"start":{"line":148,"column":16},"end":{"line":156,"column":19}},"74":{"start":{"line":149,"column":35},"end":{"line":149,"column":51}},"75":{"start":{"line":150,"column":32},"end":{"line":150,"column":42}},"76":{"start":{"line":151,"column":32},"end":{"line":151,"column":42}},"77":{"start":{"line":153,"column":20},"end":{"line":155,"column":null}},"78":{"start":{"line":154,"column":24},"end":{"line":154,"column":56}},"79":{"start":{"line":159,"column":12},"end":{"line":159,"column":31}},"80":{"start":{"line":160,"column":12},"end":{"line":160,"column":55}},"81":{"start":{"line":163,"column":12},"end":{"line":163,"column":38}},"82":{"start":{"line":165,"column":12},"end":{"line":169,"column":null}},"83":{"start":{"line":166,"column":16},"end":{"line":166,"column":64}},"84":{"start":{"line":168,"column":16},"end":{"line":168,"column":64}},"85":{"start":{"line":171,"column":12},"end":{"line":177,"column":null}},"86":{"start":{"line":171,"column":25},"end":{"line":171,"column":26}},"87":{"start":{"line":172,"column":16},"end":{"line":176,"column":null}},"88":{"start":{"line":172,"column":29},"end":{"line":172,"column":30}},"89":{"start":{"line":173,"column":20},"end":{"line":175,"column":null}},"90":{"start":{"line":174,"column":24},"end":{"line":174,"column":49}},"91":{"start":{"line":179,"column":12},"end":{"line":179,"column":55}},"92":{"start":{"line":182,"column":12},"end":{"line":182,"column":32}},"93":{"start":{"line":183,"column":12},"end":{"line":183,"column":38}},"94":{"start":{"line":186,"column":12},"end":{"line":186,"column":47}},"95":{"start":{"line":187,"column":12},"end":{"line":187,"column":43}},"96":{"start":{"line":190,"column":12},"end":{"line":190,"column":35}},"97":{"start":{"line":193,"column":12},"end":{"line":193,"column":34}},"98":{"start":{"line":194,"column":12},"end":{"line":194,"column":73}},"99":{"start":{"line":197,"column":12},"end":{"line":197,"column":40}},"100":{"start":{"line":198,"column":12},"end":{"line":198,"column":40}},"101":{"start":{"line":201,"column":12},"end":{"line":201,"column":37}},"102":{"start":{"line":204,"column":45},"end":{"line":204,"column":47}},"103":{"start":{"line":205,"column":42},"end":{"line":205,"column":44}},"104":{"start":{"line":206,"column":25},"end":{"line":206,"column":42}},"105":{"start":{"line":207,"column":25},"end":{"line":207,"column":42}},"106":{"start":{"line":209,"column":12},"end":{"line":217,"column":null}},"107":{"start":{"line":209,"column":25},"end":{"line":209,"column":26}},"108":{"start":{"line":210,"column":16},"end":{"line":210,"column":41}},"109":{"start":{"line":211,"column":16},"end":{"line":211,"column":38}},"110":{"start":{"line":213,"column":16},"end":{"line":216,"column":null}},"111":{"start":{"line":213,"column":29},"end":{"line":213,"column":30}},"112":{"start":{"line":214,"column":20},"end":{"line":214,"column":43}},"113":{"start":{"line":215,"column":20},"end":{"line":215,"column":40}},"114":{"start":{"line":219,"column":12},"end":{"line":219,"column":45}},"115":{"start":{"line":220,"column":12},"end":{"line":220,"column":40}},"116":{"start":{"line":223,"column":12},"end":{"line":223,"column":60}},"117":{"start":{"line":228,"column":13},"end":{"line":238,"column":null}},"118":{"start":{"line":241,"column":0},"end":{"line":241,"column":33}}},"fnMap":{"0":{"name":"(anonymous_0)","decl":{"start":{"line":16,"column":25},"end":{"line":16,"column":26}},"loc":{"start":{"line":16,"column":99},"end":{"line":72,"column":1}}},"1":{"name":"(anonymous_1)","decl":{"start":{"line":74,"column":36},"end":{"line":74,"column":37}},"loc":{"start":{"line":74,"column":51},"end":{"line":96,"column":1}}},"2":{"name":"(anonymous_2)","decl":{"start":{"line":97,"column":32},"end":{"line":97,"column":33}},"loc":{"start":{"line":97,"column":47},"end":{"line":104,"column":1}}},"3":{"name":"(anonymous_3)","decl":{"start":{"line":123,"column":20},"end":{"line":123,"column":21}},"loc":{"start":{"line":123,"column":43},"end":{"line":161,"column":9}}},"4":{"name":"(anonymous_4)","decl":{"start":{"line":148,"column":30},"end":{"line":148,"column":31}},"loc":{"start":{"line":148,"column":48},"end":{"line":156,"column":17}}},"5":{"name":"(anonymous_5)","decl":{"start":{"line":162,"column":25},"end":{"line":162,"column":26}},"loc":{"start":{"line":162,"column":48},"end":{"line":180,"column":9}}},"6":{"name":"(anonymous_6)","decl":{"start":{"line":181,"column":19},"end":{"line":181,"column":20}},"loc":{"start":{"line":181,"column":29},"end":{"line":184,"column":9}}},"7":{"name":"(anonymous_7)","decl":{"start":{"line":185,"column":20},"end":{"line":185,"column":21}},"loc":{"start":{"line":185,"column":30},"end":{"line":188,"column":9}}},"8":{"name":"(anonymous_8)","decl":{"start":{"line":189,"column":26},"end":{"line":189,"column":27}},"loc":{"start":{"line":189,"column":49},"end":{"line":191,"column":9}}},"9":{"name":"(anonymous_9)","decl":{"start":{"line":192,"column":25},"end":{"line":192,"column":26}},"loc":{"start":{"line":192,"column":48},"end":{"line":195,"column":9}}},"10":{"name":"(anonymous_10)","decl":{"start":{"line":196,"column":25},"end":{"line":196,"column":26}},"loc":{"start":{"line":196,"column":48},"end":{"line":199,"column":9}}},"11":{"name":"(anonymous_11)","decl":{"start":{"line":200,"column":24},"end":{"line":200,"column":25}},"loc":{"start":{"line":200,"column":34},"end":{"line":202,"column":9}}},"12":{"name":"(anonymous_12)","decl":{"start":{"line":203,"column":21},"end":{"line":203,"column":22}},"loc":{"start":{"line":203,"column":31},"end":{"line":221,"column":9}}},"13":{"name":"(anonymous_13)","decl":{"start":{"line":222,"column":28},"end":{"line":222,"column":29}},"loc":{"start":{"line":222,"column":51},"end":{"line":224,"column":9}}}},"branchMap":{"0":{"loc":{"start":{"line":23,"column":4},"end":{"line":27,"column":null}},"type":"if","locations":[{"start":{"line":23,"column":4},"end":{"line":27,"column":null}}]},"1":{"loc":{"start":{"line":24,"column":8},"end":{"line":26,"column":null}},"type":"if","locations":[{"start":{"line":24,"column":8},"end":{"line":26,"column":null}}]},"2":{"loc":{"start":{"line":29,"column":4},"end":{"line":33,"column":null}},"type":"if","locations":[{"start":{"line":29,"column":4},"end":{"line":33,"column":null}}]},"3":{"loc":{"start":{"line":29,"column":8},"end":{"line":29,"column":38}},"type":"binary-expr","locations":[{"start":{"line":29,"column":8},"end":{"line":29,"column":21}},{"start":{"line":29,"column":25},"end":{"line":29,"column":38}}]},"4":{"loc":{"start":{"line":30,"column":8},"end":{"line":32,"column":null}},"type":"if","locations":[{"start":{"line":30,"column":8},"end":{"line":32,"column":null}}]},"5":{"loc":{"start":{"line":35,"column":4},"end":{"line":39,"column":null}},"type":"if","locations":[{"start":{"line":35,"column":4},"end":{"line":39,"column":null}}]},"6":{"loc":{"start":{"line":35,"column":8},"end":{"line":35,"column":40}},"type":"binary-expr","locations":[{"start":{"line":35,"column":8},"end":{"line":35,"column":21}},{"start":{"line":35,"column":25},"end":{"line":35,"column":40}}]},"7":{"loc":{"start":{"line":36,"column":8},"end":{"line":38,"column":null}},"type":"if","locations":[{"start":{"line":36,"column":8},"end":{"line":38,"column":null}}]},"8":{"loc":{"start":{"line":41,"column":4},"end":{"line":45,"column":null}},"type":"if","locations":[{"start":{"line":41,"column":4},"end":{"line":45,"column":null}}]},"9":{"loc":{"start":{"line":42,"column":8},"end":{"line":44,"column":null}},"type":"if","locations":[{"start":{"line":42,"column":8},"end":{"line":44,"column":null}}]},"10":{"loc":{"start":{"line":47,"column":4},"end":{"line":51,"column":null}},"type":"if","locations":[{"start":{"line":47,"column":4},"end":{"line":51,"column":null}}]},"11":{"loc":{"start":{"line":48,"column":8},"end":{"line":50,"column":null}},"type":"if","locations":[{"start":{"line":48,"column":8},"end":{"line":50,"column":null}}]},"12":{"loc":{"start":{"line":53,"column":4},"end":{"line":57,"column":null}},"type":"if","locations":[{"start":{"line":53,"column":4},"end":{"line":57,"column":null}}]},"13":{"loc":{"start":{"line":53,"column":8},"end":{"line":53,"column":40}},"type":"binary-expr","locations":[{"start":{"line":53,"column":8},"end":{"line":53,"column":23}},{"start":{"line":53,"column":27},"end":{"line":53,"column":40}}]},"14":{"loc":{"start":{"line":54,"column":8},"end":{"line":56,"column":null}},"type":"if","locations":[{"start":{"line":54,"column":8},"end":{"line":56,"column":null}}]},"15":{"loc":{"start":{"line":59,"column":4},"end":{"line":63,"column":null}},"type":"if","locations":[{"start":{"line":59,"column":4},"end":{"line":63,"column":null}}]},"16":{"loc":{"start":{"line":59,"column":8},"end":{"line":59,"column":42}},"type":"binary-expr","locations":[{"start":{"line":59,"column":8},"end":{"line":59,"column":23}},{"start":{"line":59,"column":27},"end":{"line":59,"column":42}}]},"17":{"loc":{"start":{"line":60,"column":8},"end":{"line":62,"column":null}},"type":"if","locations":[{"start":{"line":60,"column":8},"end":{"line":62,"column":null}}]},"18":{"loc":{"start":{"line":65,"column":4},"end":{"line":69,"column":null}},"type":"if","locations":[{"start":{"line":65,"column":4},"end":{"line":69,"column":null}}]},"19":{"loc":{"start":{"line":66,"column":8},"end":{"line":68,"column":null}},"type":"if","locations":[{"start":{"line":66,"column":8},"end":{"line":68,"column":null}}]},"20":{"loc":{"start":{"line":79,"column":12},"end":{"line":91,"column":null}},"type":"if","locations":[{"start":{"line":79,"column":12},"end":{"line":91,"column":null}},{"start":{"line":87,"column":19},"end":{"line":91,"column":null}}]},"21":{"loc":{"start":{"line":80,"column":16},"end":{"line":86,"column":null}},"type":"if","locations":[{"start":{"line":80,"column":16},"end":{"line":86,"column":null}},{"start":{"line":82,"column":23},"end":{"line":86,"column":null}}]},"22":{"loc":{"start":{"line":82,"column":23},"end":{"line":86,"column":null}},"type":"if","locations":[{"start":{"line":82,"column":23},"end":{"line":86,"column":null}},{"start":{"line":84,"column":23},"end":{"line":86,"column":null}}]},"23":{"loc":{"start":{"line":82,"column":27},"end":{"line":82,"column":61}},"type":"binary-expr","locations":[{"start":{"line":82,"column":27},"end":{"line":82,"column":42}},{"start":{"line":82,"column":46},"end":{"line":82,"column":61}}]},"24":{"loc":{"start":{"line":84,"column":23},"end":{"line":86,"column":null}},"type":"if","locations":[{"start":{"line":84,"column":23},"end":{"line":86,"column":null}}]},"25":{"loc":{"start":{"line":87,"column":19},"end":{"line":91,"column":null}},"type":"if","locations":[{"start":{"line":87,"column":19},"end":{"line":91,"column":null}}]},"26":{"loc":{"start":{"line":88,"column":16},"end":{"line":90,"column":null}},"type":"if","locations":[{"start":{"line":88,"column":16},"end":{"line":90,"column":null}}]},"27":{"loc":{"start":{"line":153,"column":20},"end":{"line":155,"column":null}},"type":"if","locations":[{"start":{"line":153,"column":20},"end":{"line":155,"column":null}}]},"28":{"loc":{"start":{"line":165,"column":12},"end":{"line":169,"column":null}},"type":"if","locations":[{"start":{"line":165,"column":12},"end":{"line":169,"column":null}},{"start":{"line":167,"column":19},"end":{"line":169,"column":null}}]},"29":{"loc":{"start":{"line":173,"column":20},"end":{"line":175,"column":null}},"type":"if","locations":[{"start":{"line":173,"column":20},"end":{"line":175,"column":null}}]},"30":{"loc":{"start":{"line":194,"column":41},"end":{"line":194,"column":72}},"type":"cond-expr","locations":[{"start":{"line":194,"column":56},"end":{"line":194,"column":62}},{"start":{"line":194,"column":65},"end":{"line":194,"column":72}}]}},"s":{"0":1,"1":1,"2":0,"3":0,"4":0,"5":0,"6":0,"7":0,"8":0,"9":0,"10":0,"11":0,"12":0,"13":0,"14":0,"15":0,"16":0,"17":0,"18":0,"19":0,"20":0,"21":0,"22":0,"23":0,"24":0,"25":0,"26":0,"27":0,"28":0,"29":0,"30":0,"31":0,"32":1,"33":0,"34":0,"35":0,"36":0,"37":0,"38":0,"39":0,"40":0,"41":0,"42":0,"43":0,"44":0,"45":0,"46":0,"47":1,"48":0,"49":0,"50":0,"51":0,"52":1,"53":1,"54":0,"55":0,"56":0,"57":0,"58":0,"59":0,"60":0,"61":0,"62":0,"63":0,"64":0,"65":0,"66":0,"67":0,"68":0,"69":0,"70":0,"71":0,"72":0,"73":0,"74":0,"75":0,"76":0,"77":0,"78":0,"79":0,"80":0,"81":0,"82":0,"83":0,"84":0,"85":0,"86":0,"87":0,"88":0,"89":0,"90":0,"91":0,"92":0,"93":0,"94":0,"95":0,"96":0,"97":1,"98":1,"99":9,"100":9,"101":1,"102":3,"103":3,"104":3,"105":3,"106":3,"107":3,"108":90,"109":90,"110":90,"111":90,"112":5400,"113":5400,"114":3,"115":3,"116":0,"117":1,"118":1},"f":{"0":0,"1":0,"2":0,"3":0,"4":0,"5":0,"6":0,"7":0,"8":0,"9":1,"10":9,"11":1,"12":3,"13":0},"b":{"0":[0],"1":[0],"2":[0],"3":[0,0],"4":[0],"5":[0],"6":[0,0],"7":[0],"8":[0],"9":[0],"10":[0],"11":[0],"12":[0],"13":[0,0],"14":[0],"15":[0],"16":[0,0],"17":[0],"18":[0],"19":[0],"20":[0,0],"21":[0,0],"22":[0,0],"23":[0,0],"24":[0],"25":[0],"26":[0],"27":[0],"28":[0,0],"29":[0],"30":[0,1]}}
,"/home/runner/work/react-course-work/react-course-work/src/redux/modalSlice.tsx": {"path":"/home/runner/work/react-course-work/react-course-work/src/redux/modalSlice.tsx","statementMap":{"0":{"start":{"line":1,"column":0},"end":{"line":1,"column":47}},"1":{"start":{"line":8,"column":19},"end":{"line":19,"column":2}},"2":{"start":{"line":15,"column":12},"end":{"line":15,"column":52}},"3":{"start":{"line":16,"column":12},"end":{"line":16,"column":58}},"4":{"start":{"line":21,"column":15},"end":{"line":21,"column":50}},"5":{"start":{"line":23,"column":0},"end":{"line":23,"column":34}}},"fnMap":{"0":{"name":"(anonymous_0)","decl":{"start":{"line":14,"column":21},"end":{"line":14,"column":22}},"loc":{"start":{"line":14,"column":39},"end":{"line":17,"column":9}}}},"branchMap":{},"s":{"0":1,"1":1,"2":0,"3":0,"4":1,"5":1},"f":{"0":0},"b":{}}
,"/home/runner/work/react-course-work/react-course-work/src/redux/store.tsx": {"path":"/home/runner/work/react-course-work/react-course-work/src/redux/store.tsx","statementMap":{"0":{"start":{"line":1,"column":0},"end":{"line":1,"column":50}},"1":{"start":{"line":2,"column":0},"end":{"line":2,"column":43}},"2":{"start":{"line":3,"column":0},"end":{"line":3,"column":45}},"3":{"start":{"line":5,"column":13},"end":{"line":10,"column":3}}},"fnMap":{},"branchMap":{},"s":{"0":1,"1":1,"2":1,"3":1},"f":{},"b":{}}
}
