TN:
SF:src/components/Button/Button.tsx
FN:15,(anonymous_1)
FNF:1
FNH:1
FNDA:80,(anonymous_1)
DA:2,1
DA:3,1
DA:15,1
DA:16,80
DA:23,1
LF:5
LH:5
BRDA:17,0,0,80
BRDA:17,0,1,0
BRDA:17,1,0,80
BRDA:17,1,1,80
BRF:4
BRH:3
end_of_record
TN:
SF:src/components/Frame/Frame.tsx
FN:9,(anonymous_1)
FN:13,(anonymous_2)
FN:16,(anonymous_3)
FNF:3
FNH:3
FNDA:16,(anonymous_1)
FNDA:390,(anonymous_2)
FNDA:23400,(anonymous_3)
DA:1,1
DA:2,1
DA:3,1
DA:9,1
DA:10,16
DA:14,390
DA:17,23400
DA:28,1
LF:8
LH:8
BRF:0
BRH:0
end_of_record
TN:
SF:src/components/Game/Game.tsx
FN:10,(anonymous_1)
FN:25,(anonymous_2)
FN:38,(anonymous_3)
FN:53,(anonymous_4)
FN:68,(anonymous_5)
FN:72,(anonymous_6)
FN:92,(anonymous_7)
FN:149,(anonymous_8)
FN:175,(anonymous_9)
FN:184,(anonymous_10)
FN:189,(anonymous_11)
FN:193,(anonymous_12)
FN:196,(anonymous_13)
FN:204,(anonymous_14)
FN:210,(anonymous_15)
FN:218,(anonymous_16)
FN:226,(anonymous_17)
FNF:17
FNH:6
FNDA:17,(anonymous_1)
FNDA:0,(anonymous_2)
FNDA:0,(anonymous_3)
FNDA:9,(anonymous_4)
FNDA:1,(anonymous_5)
FNDA:3,(anonymous_6)
FNDA:0,(anonymous_7)
FNDA:0,(anonymous_8)
FNDA:0,(anonymous_9)
FNDA:0,(anonymous_10)
FNDA:0,(anonymous_11)
FNDA:0,(anonymous_12)
FNDA:0,(anonymous_13)
FNDA:0,(anonymous_14)
FNDA:0,(anonymous_15)
FNDA:3,(anonymous_16)
FNDA:1,(anonymous_17)
DA:1,1
DA:2,1
DA:3,1
DA:4,1
DA:10,1
DA:11,17
DA:12,17
DA:13,17
DA:14,17
DA:15,17
DA:16,17
DA:17,17
DA:18,17
DA:19,17
DA:20,17
DA:21,17
DA:22,17
DA:23,17
DA:25,17
DA:26,0
DA:27,0
DA:28,0
DA:29,0
DA:31,0
DA:33,0
DA:34,0
DA:35,0
DA:36,0
DA:38,0
DA:39,0
DA:40,0
DA:41,0
DA:43,0
DA:44,0
DA:49,0
DA:50,0
DA:53,17
DA:54,9
DA:55,9
DA:56,9
DA:57,9
DA:59,9
DA:61,9
DA:62,9
DA:64,9
DA:65,9
DA:68,17
DA:69,1
DA:72,17
DA:73,3
DA:74,3
DA:75,3
DA:76,3
DA:78,3
DA:79,90
DA:80,90
DA:82,90
DA:83,5400
DA:84,5400
DA:88,3
DA:89,3
DA:92,17
DA:93,0
DA:94,0
DA:95,0
DA:96,0
DA:97,0
DA:99,0
DA:100,0
DA:101,0
DA:105,0
DA:106,0
DA:107,0
DA:111,0
DA:112,0
DA:113,0
DA:117,0
DA:118,0
DA:119,0
DA:123,0
DA:124,0
DA:125,0
DA:129,0
DA:130,0
DA:131,0
DA:135,0
DA:136,0
DA:137,0
DA:141,0
DA:142,0
DA:143,0
DA:147,0
DA:149,17
DA:150,0
DA:152,0
DA:153,0
DA:154,0
DA:156,0
DA:157,0
DA:158,0
DA:159,0
DA:160,0
DA:161,0
DA:162,0
DA:164,0
DA:165,0
DA:166,0
DA:172,0
DA:175,17
DA:176,0
DA:177,0
DA:178,0
DA:179,0
DA:184,17
DA:185,0
DA:186,0
DA:189,17
DA:190,0
DA:191,0
DA:192,0
DA:193,0
DA:196,17
DA:197,0
DA:198,0
DA:200,0
DA:204,17
DA:205,0
DA:206,0
DA:207,0
DA:210,17
DA:211,0
DA:213,0
DA:214,0
DA:215,0
DA:218,17
DA:219,3
DA:220,3
DA:222,3
DA:226,17
DA:227,1
DA:228,1
DA:231,17
DA:253,1
LF:143
LH:61
BRDA:43,0,0,0
BRDA:99,1,0,0
BRDA:100,2,0,0
BRDA:105,3,0,0
BRDA:105,4,0,0
BRDA:105,4,1,0
BRDA:106,5,0,0
BRDA:111,6,0,0
BRDA:111,7,0,0
BRDA:111,7,1,0
BRDA:112,8,0,0
BRDA:117,9,0,0
BRDA:118,10,0,0
BRDA:123,11,0,0
BRDA:124,12,0,0
BRDA:129,13,0,0
BRDA:129,14,0,0
BRDA:129,14,1,0
BRDA:130,15,0,0
BRDA:135,16,0,0
BRDA:135,17,0,0
BRDA:135,17,1,0
BRDA:136,18,0,0
BRDA:141,19,0,0
BRDA:142,20,0,0
BRDA:156,21,0,0
BRDA:156,21,1,0
BRDA:157,22,0,0
BRDA:157,22,1,0
BRDA:159,23,0,0
BRDA:159,23,1,0
BRDA:159,24,0,0
BRDA:159,24,1,0
BRDA:161,25,0,0
BRDA:164,26,0,0
BRDA:165,27,0,0
BRDA:197,28,0,0
BRDA:197,28,1,0
BRDA:219,29,0,3
BRDA:220,30,0,0
BRDA:220,30,1,3
BRDA:228,31,0,0
BRDA:228,31,1,1
BRDA:232,32,0,2
BRDA:232,32,1,15
BRDA:241,33,0,1
BRDA:241,33,1,16
BRF:47
BRH:7
end_of_record
TN:
SF:src/components/Interface/Interface.tsx
FN:24,(anonymous_1)
FNF:1
FNH:1
FNDA:16,(anonymous_1)
DA:2,1
DA:3,1
DA:4,1
DA:5,1
DA:6,1
DA:24,1
DA:25,16
DA:89,1
LF:8
LH:8
BRDA:32,0,0,0
BRDA:32,0,1,16
BRDA:54,1,0,2
BRDA:54,1,1,14
BRDA:57,2,0,1
BRDA:57,2,1,15
BRF:6
BRH:5
end_of_record
TN:
SF:src/components/RadioButton/RadioButton.tsx
FN:14,(anonymous_1)
FNF:1
FNH:1
FNDA:160,(anonymous_1)
DA:2,1
DA:3,1
DA:14,1
DA:15,160
DA:23,1
LF:5
LH:5
BRF:0
BRH:0
end_of_record
TN:
SF:src/components/RangeInput/RangeInput.tsx
FN:14,(anonymous_1)
FNF:1
FNH:1
FNDA:16,(anonymous_1)
DA:2,1
DA:14,1
DA:15,16
DA:32,1
LF:4
LH:4
BRF:0
BRH:0
end_of_record
TN:
SF:src/components/Shape/Shape.tsx
FN:10,(anonymous_1)
FNF:1
FNH:1
FNDA:23400,(anonymous_1)
DA:1,1
DA:2,1
DA:3,1
DA:10,1
DA:11,23400
DA:13,23400
DA:18,1
LF:7
LH:7
BRDA:14,0,0,23400
BRDA:14,0,1,0
BRF:2
BRH:1
end_of_record
