TN:
SF:src/components/container/Game/Game.tsx
FN:16,(anonymous_1)
FN:17,(anonymous_2)
FN:22,(anonymous_3)
FN:29,(anonymous_4)
FNF:4
FNH:3
FNDA:16,(anonymous_1)
FNDA:32,(anonymous_2)
FNDA:3,(anonymous_3)
FNDA:0,(anonymous_4)
DA:1,1
DA:2,1
DA:3,1
DA:4,1
DA:5,1
DA:10,1
DA:16,1
DA:17,32
DA:18,16
DA:19,16
DA:20,16
DA:22,16
DA:23,3
DA:24,3
DA:25,3
DA:29,16
DA:30,0
DA:31,0
DA:32,0
DA:33,0
DA:35,0
DA:38,16
DA:49,1
LF:23
LH:18
BRDA:23,0,0,3
BRDA:24,1,0,2
BRDA:24,1,1,1
BRDA:39,2,0,14
BRDA:39,2,1,2
BRF:5
BRH:5
end_of_record
TN:
SF:src/components/container/Interface/Interface.tsx
FN:22,(anonymous_1)
FN:23,(anonymous_2)
FN:28,(anonymous_3)
FN:32,(anonymous_4)
FN:42,(anonymous_5)
FN:47,(anonymous_6)
FN:50,(anonymous_7)
FN:53,(anonymous_8)
FN:61,(anonymous_9)
FN:67,(anonymous_10)
FN:74,(anonymous_11)
FN:78,(anonymous_12)
FNF:12
FNH:4
FNDA:16,(anonymous_1)
FNDA:32,(anonymous_2)
FNDA:1,(anonymous_3)
FNDA:0,(anonymous_4)
FNDA:0,(anonymous_5)
FNDA:0,(anonymous_6)
FNDA:0,(anonymous_7)
FNDA:0,(anonymous_8)
FNDA:0,(anonymous_9)
FNDA:0,(anonymous_10)
FNDA:0,(anonymous_11)
FNDA:1,(anonymous_12)
DA:1,1
DA:2,1
DA:3,1
DA:4,1
DA:5,1
DA:6,1
DA:7,1
DA:14,1
DA:22,1
DA:23,32
DA:24,16
DA:25,16
DA:26,16
DA:28,16
DA:29,1
DA:32,16
DA:33,0
DA:34,0
DA:36,0
DA:42,16
DA:43,0
DA:44,0
DA:47,16
DA:48,0
DA:49,0
DA:50,0
DA:53,16
DA:54,0
DA:55,0
DA:57,0
DA:61,16
DA:62,0
DA:63,0
DA:64,0
DA:67,16
DA:68,0
DA:70,0
DA:71,0
DA:73,0
DA:74,0
DA:78,16
DA:79,1
DA:82,16
DA:159,1
LF:44
LH:25
BRDA:54,0,0,0
BRDA:54,0,1,0
BRDA:73,1,0,0
BRDA:102,2,0,16
BRDA:102,2,1,16
BRDA:102,3,0,0
BRDA:102,3,1,16
BRDA:105,4,0,16
BRDA:105,4,1,16
BRDA:124,5,0,14
BRDA:124,5,1,2
BRDA:127,6,0,13
BRDA:127,6,1,3
BRF:13
BRH:9
end_of_record
TN:
SF:src/components/layout/Frame/Frame.tsx
FN:9,(anonymous_1)
FN:12,(anonymous_2)
FN:15,(anonymous_3)
FNF:3
FNH:3
FNDA:16,(anonymous_1)
FNDA:450,(anonymous_2)
FNDA:27000,(anonymous_3)
DA:1,1
DA:2,1
DA:3,1
DA:9,1
DA:10,16
DA:13,450
DA:16,27000
DA:26,1
LF:8
LH:8
BRF:0
BRH:0
end_of_record
TN:
SF:src/components/ui/Button/Button.tsx
FN:16,(anonymous_1)
FNF:1
FNH:1
FNDA:128,(anonymous_1)
DA:2,1
DA:3,1
DA:16,1
DA:17,128
DA:24,1
LF:5
LH:5
BRDA:18,0,0,128
BRDA:18,0,1,0
BRDA:18,1,0,128
BRDA:18,1,1,128
BRDA:18,2,0,128
BRDA:18,2,1,48
BRF:6
BRH:5
end_of_record
TN:
SF:src/components/ui/RadioButton/RadioButton.tsx
FN:18,(anonymous_1)
FN:22,(anonymous_2)
FNF:2
FNH:2
FNDA:160,(anonymous_1)
FNDA:9,(anonymous_2)
DA:1,1
DA:2,1
DA:3,1
DA:4,1
DA:5,1
DA:18,1
DA:19,160
DA:20,160
DA:22,160
DA:23,9
DA:24,9
DA:25,9
DA:26,9
DA:27,9
DA:29,9
DA:30,9
DA:32,9
DA:38,160
DA:46,1
LF:19
LH:19
BRF:0
BRH:0
end_of_record
TN:
SF:src/components/ui/RangeInput/RangeInput.tsx
FN:16,(anonymous_1)
FNF:1
FNH:1
FNDA:16,(anonymous_1)
DA:2,1
DA:16,1
DA:17,16
DA:34,1
LF:4
LH:4
BRF:0
BRH:0
end_of_record
TN:
SF:src/components/ui/Shape/Shape.tsx
FN:12,(anonymous_1)
FN:16,(anonymous_2)
FNF:2
FNH:1
FNDA:27000,(anonymous_1)
FNDA:0,(anonymous_2)
DA:1,1
DA:2,1
DA:3,1
DA:4,1
DA:5,1
DA:12,1
DA:13,27000
DA:14,27000
DA:16,27000
DA:17,0
DA:18,0
DA:19,0
DA:20,0
DA:22,0
DA:25,27000
DA:30,1
LF:16
LH:11
BRDA:26,0,0,27000
BRDA:26,0,1,0
BRF:2
BRH:1
end_of_record
TN:
SF:src/redux/gameSlice.tsx
FN:16,(anonymous_0)
FN:74,(anonymous_1)
FN:97,(anonymous_2)
FN:123,(anonymous_3)
FN:148,(anonymous_4)
FN:162,(anonymous_5)
FN:181,(anonymous_6)
FN:185,(anonymous_7)
FN:189,(anonymous_8)
FN:192,(anonymous_9)
FN:196,(anonymous_10)
FN:200,(anonymous_11)
FN:203,(anonymous_12)
FN:222,(anonymous_13)
FNF:14
FNH:4
FNDA:0,(anonymous_0)
FNDA:0,(anonymous_1)
FNDA:0,(anonymous_2)
FNDA:0,(anonymous_3)
FNDA:0,(anonymous_4)
FNDA:0,(anonymous_5)
FNDA:0,(anonymous_6)
FNDA:0,(anonymous_7)
FNDA:0,(anonymous_8)
FNDA:1,(anonymous_9)
FNDA:9,(anonymous_10)
FNDA:1,(anonymous_11)
FNDA:3,(anonymous_12)
FNDA:0,(anonymous_13)
DA:1,1
DA:16,1
DA:17,0
DA:18,0
DA:19,0
DA:20,0
DA:21,0
DA:23,0
DA:24,0
DA:25,0
DA:29,0
DA:30,0
DA:31,0
DA:35,0
DA:36,0
DA:37,0
DA:41,0
DA:42,0
DA:43,0
DA:47,0
DA:48,0
DA:49,0
DA:53,0
DA:54,0
DA:55,0
DA:59,0
DA:60,0
DA:61,0
DA:65,0
DA:66,0
DA:67,0
DA:71,0
DA:74,1
DA:75,0
DA:76,0
DA:77,0
DA:79,0
DA:80,0
DA:81,0
DA:82,0
DA:83,0
DA:84,0
DA:85,0
DA:87,0
DA:88,0
DA:89,0
DA:95,0
DA:97,1
DA:98,0
DA:99,0
DA:100,0
DA:101,0
DA:106,1
DA:119,1
DA:124,0
DA:125,0
DA:126,0
DA:127,0
DA:128,0
DA:129,0
DA:131,0
DA:132,0
DA:133,0
DA:135,0
DA:136,0
DA:137,0
DA:141,0
DA:142,0
DA:144,0
DA:145,0
DA:146,0
DA:148,0
DA:149,0
DA:150,0
DA:151,0
DA:153,0
DA:154,0
DA:159,0
DA:160,0
DA:163,0
DA:165,0
DA:166,0
DA:168,0
DA:171,0
DA:172,0
DA:173,0
DA:174,0
DA:179,0
DA:182,0
DA:183,0
DA:186,0
DA:187,0
DA:190,0
DA:193,1
DA:194,1
DA:197,9
DA:198,9
DA:201,1
DA:204,3
DA:205,3
DA:206,3
DA:207,3
DA:209,3
DA:210,90
DA:211,90
DA:213,90
DA:214,5400
DA:215,5400
DA:219,3
DA:220,3
DA:223,0
DA:228,1
DA:241,1
LF:113
LH:25
BRDA:23,0,0,0
BRDA:24,1,0,0
BRDA:29,2,0,0
BRDA:29,3,0,0
BRDA:29,3,1,0
BRDA:30,4,0,0
BRDA:35,5,0,0
BRDA:35,6,0,0
BRDA:35,6,1,0
BRDA:36,7,0,0
BRDA:41,8,0,0
BRDA:42,9,0,0
BRDA:47,10,0,0
BRDA:48,11,0,0
BRDA:53,12,0,0
BRDA:53,13,0,0
BRDA:53,13,1,0
BRDA:54,14,0,0
BRDA:59,15,0,0
BRDA:59,16,0,0
BRDA:59,16,1,0
BRDA:60,17,0,0
BRDA:65,18,0,0
BRDA:66,19,0,0
BRDA:79,20,0,0
BRDA:79,20,1,0
BRDA:80,21,0,0
BRDA:80,21,1,0
BRDA:82,22,0,0
BRDA:82,22,1,0
BRDA:82,23,0,0
BRDA:82,23,1,0
BRDA:84,24,0,0
BRDA:87,25,0,0
BRDA:88,26,0,0
BRDA:153,27,0,0
BRDA:165,28,0,0
BRDA:165,28,1,0
BRDA:173,29,0,0
BRDA:194,30,0,0
BRDA:194,30,1,1
BRF:41
BRH:1
end_of_record
TN:
SF:src/redux/store.tsx
FNF:0
FNH:0
DA:1,1
DA:2,1
DA:4,1
LF:3
LH:3
BRF:0
BRH:0
end_of_record
